F:\BANKMANAGE\CLIENT\CLIENT\DEBUG\CHANGEPASS.OBJ
F:\bankmanage\client\client\Debug\cl.command.1.tlog
F:\bankmanage\client\client\Debug\CL.read.1.tlog
F:\bankmanage\client\client\Debug\CL.write.1.tlog
F:\BANKMANAGE\CLIENT\CLIENT\DEBUG\CLIENT.EXE.EMBED.MANIFEST
F:\BANKMANAGE\CLIENT\CLIENT\DEBUG\CLIENT.EXE.EMBED.MANIFEST.RES
F:\BANKMANAGE\CLIENT\CLIENT\DEBUG\CLIENT.EXE.INTERMEDIATE.MANIFEST
F:\bankmanage\client\client\Debug\client.write.1.tlog
F:\bankmanage\client\client\Debug\client_manifest.rc
F:\BANKMANAGE\CLIENT\CLIENT\DEBUG\CLOSE_ACCOUNT.OBJ
F:\BANKMANAGE\CLIENT\CLIENT\DEBUG\DEPOSIT.OBJ
F:\BANKMANAGE\CLIENT\CLIENT\DEBUG\EXIT_LOG.OBJ
F:\BANKMANAGE\CLIENT\CLIENT\DEBUG\INIT_CLIENT.OBJ
F:\bankmanage\client\client\Debug\link.5180.read.1.tlog
F:\bankmanage\client\client\Debug\link.5180.write.1.tlog
F:\bankmanage\client\client\Debug\link.5180-cvtres.read.1.tlog
F:\bankmanage\client\client\Debug\link.5180-cvtres.write.1.tlog
F:\bankmanage\client\client\Debug\link.command.1.tlog
F:\bankmanage\client\client\Debug\link.read.1.tlog
F:\bankmanage\client\client\Debug\link.write.1.tlog
F:\bankmanage\client\client\Debug\link-cvtres.read.1.tlog
F:\bankmanage\client\client\Debug\link-cvtres.write.1.tlog
F:\BANKMANAGE\CLIENT\CLIENT\DEBUG\LOGIN_REG.OBJ
F:\BANKMANAGE\CLIENT\CLIENT\DEBUG\LOOK_BALANCE.OBJ
F:\BANKMANAGE\CLIENT\CLIENT\DEBUG\LOOK_CHECK.OBJ
F:\BANKMANAGE\CLIENT\CLIENT\DEBUG\MAIN.OBJ
F:\BANKMANAGE\CLIENT\CLIENT\DEBUG\MAIN_MENU.OBJ
F:\bankmanage\client\client\Debug\mt.command.1.tlog
F:\bankmanage\client\client\Debug\mt.read.1.tlog
F:\bankmanage\client\client\Debug\mt.write.1.tlog
F:\BANKMANAGE\CLIENT\CLIENT\DEBUG\OPEN_ACCOUNT.OBJ
F:\bankmanage\client\client\Debug\rc.command.1.tlog
F:\bankmanage\client\client\Debug\rc.read.1.tlog
F:\bankmanage\client\client\Debug\rc.write.1.tlog
F:\BANKMANAGE\CLIENT\CLIENT\DEBUG\THREAD.OBJ
F:\BANKMANAGE\CLIENT\CLIENT\DEBUG\TRANSFER.OBJ
F:\bankmanage\client\client\Debug\vc100.idb
F:\BANKMANAGE\CLIENT\CLIENT\DEBUG\VC100.PDB
F:\BANKMANAGE\CLIENT\CLIENT\DEBUG\WITHDRAWAL.OBJ
F:\BANKMANAGE\CLIENT\DEBUG\CLIENT.EXE
F:\BANKMANAGE\CLIENT\DEBUG\CLIENT.ILK
F:\BANKMANAGE\CLIENT\DEBUG\CLIENT.PDB
