F:\BANKMANAGE\SERVER\SERVER\DEBUG\SERVER.EXE
F:\BANKMANAGE\SERVER\SERVER\DEBUG\SERVER.ILK
F:\BANKMANAGE\SERVER\SERVER\DEBUG\SERVER.PDB
F:\BANKMANAGE\SERVER\SERVER\SERVER\DEBUG\CHANGEPASS_CHECK.OBJ
F:\bankmanage\server\server\server\Debug\cl.command.1.tlog
F:\bankmanage\server\server\server\Debug\CL.read.1.tlog
F:\bankmanage\server\server\server\Debug\CL.write.1.tlog
F:\BANKMANAGE\SERVER\SERVER\SERVER\DEBUG\CLOSE_ACCOUNT_CHECK.OBJ
F:\BANKMANAGE\SERVER\SERVER\SERVER\DEBUG\DEPOSIT_CHECK.OBJ
F:\BANKMANAGE\SERVER\SERVER\SERVER\DEBUG\EXIT_CHECK.OBJ
F:\BANKMANAGE\SERVER\SERVER\SERVER\DEBUG\INIT_SOCKET.OBJ
F:\bankmanage\server\server\server\Debug\link.12100.read.1.tlog
F:\bankmanage\server\server\server\Debug\link.12100.write.1.tlog
F:\bankmanage\server\server\server\Debug\link.12100-cvtres.read.1.tlog
F:\bankmanage\server\server\server\Debug\link.12100-cvtres.write.1.tlog
F:\bankmanage\server\server\server\Debug\link.command.1.tlog
F:\bankmanage\server\server\server\Debug\link.read.1.tlog
F:\bankmanage\server\server\server\Debug\link.write.1.tlog
F:\bankmanage\server\server\server\Debug\link-cvtres.read.1.tlog
F:\bankmanage\server\server\server\Debug\link-cvtres.write.1.tlog
F:\BANKMANAGE\SERVER\SERVER\SERVER\DEBUG\LOGIN_CHECK.OBJ
F:\BANKMANAGE\SERVER\SERVER\SERVER\DEBUG\LOOK_BALANCE_CHECK.OBJ
F:\BANKMANAGE\SERVER\SERVER\SERVER\DEBUG\LOOK_CHECK_CHECK.OBJ
F:\BANKMANAGE\SERVER\SERVER\SERVER\DEBUG\MAIN.OBJ
F:\BANKMANAGE\SERVER\SERVER\SERVER\DEBUG\MATCHING.OBJ
F:\bankmanage\server\server\server\Debug\mt.command.1.tlog
F:\bankmanage\server\server\server\Debug\mt.read.1.tlog
F:\bankmanage\server\server\server\Debug\mt.write.1.tlog
F:\BANKMANAGE\SERVER\SERVER\SERVER\DEBUG\OPEN_ACCOUNT_CHECK.OBJ
F:\bankmanage\server\server\server\Debug\rc.command.1.tlog
F:\bankmanage\server\server\server\Debug\rc.read.1.tlog
F:\bankmanage\server\server\server\Debug\rc.write.1.tlog
F:\BANKMANAGE\SERVER\SERVER\SERVER\DEBUG\REGISTER_CHECK.OBJ
F:\BANKMANAGE\SERVER\SERVER\SERVER\DEBUG\SERVER.EXE.EMBED.MANIFEST
F:\BANKMANAGE\SERVER\SERVER\SERVER\DEBUG\SERVER.EXE.EMBED.MANIFEST.RES
F:\BANKMANAGE\SERVER\SERVER\SERVER\DEBUG\SERVER.EXE.INTERMEDIATE.MANIFEST
F:\bankmanage\server\server\server\Debug\server.write.1.tlog
F:\bankmanage\server\server\server\Debug\server_manifest.rc
F:\BANKMANAGE\SERVER\SERVER\SERVER\DEBUG\TRANSFER_CHECK.OBJ
F:\bankmanage\server\server\server\Debug\vc100.idb
F:\BANKMANAGE\SERVER\SERVER\SERVER\DEBUG\VC100.PDB
F:\BANKMANAGE\SERVER\SERVER\SERVER\DEBUG\WITHDRAWAL_CHECK.OBJ
